<?xml version="1.0" encoding="UTF-8"?>
<testng-results skipped="0" failed="0" ignored="0" total="1" passed="1">
  <reporter-output>
  </reporter-output>
  <suite name="Default suite" duration-ms="11368" started-at="2017-06-17T18:55:00Z" finished-at="2017-06-17T18:55:11Z">
    <groups>
    </groups>
    <test name="Default test" duration-ms="11368" started-at="2017-06-17T18:55:00Z" finished-at="2017-06-17T18:55:11Z">
      <class name="script.LoginTest">
        <test-method status="PASS" signature="openApplication()[pri:0, instance:script.LoginTest@1753acfe]" name="openApplication" is-config="true" duration-ms="11316" started-at="2017-06-18T00:25:00Z" finished-at="2017-06-18T00:25:11Z">
          <reporter-output>
          </reporter-output>
        </test-method> <!-- openApplication -->
        <test-method status="PASS" signature="login()[pri:0, instance:script.LoginTest@1753acfe]" name="login" duration-ms="23" started-at="2017-06-18T00:25:11Z" finished-at="2017-06-18T00:25:11Z">
          <reporter-output>
          </reporter-output>
        </test-method> <!-- login -->
        <test-method status="PASS" signature="closeApplication()[pri:0, instance:script.LoginTest@1753acfe]" name="closeApplication" is-config="true" duration-ms="1" started-at="2017-06-18T00:25:11Z" finished-at="2017-06-18T00:25:11Z">
          <reporter-output>
          </reporter-output>
        </test-method> <!-- closeApplication -->
      </class> <!-- script.LoginTest -->
    </test> <!-- Default test -->
  </suite> <!-- Default suite -->
</testng-results>
